Deploying ZKSync contract...
Compiling contracts for ZKsync Era with zksolc v1.5.3 and zkvm-solc v0.8.20-1.0.1
Compiling 34 Solidity files
Warning: SPDX license identifier not provided in source file. Before publishing, consider adding a comment containing "SPDX-License-Identifier: <SPDX-License>" to each source file. Use "SPDX-License-Identifier: UNLICENSED" for non-open-source code. Please see https://spdx.org for more information.
--> contracts/NexusProofManager.sol


Warning: SPDX license identifier not provided in source file. Before publishing, consider adding a comment containing "SPDX-License-Identifier: <SPDX-License>" to each source file. Use "SPDX-License-Identifier: UNLICENSED" for non-open-source code. Please see https://spdx.org for more information.
--> contracts/verification/ethereum/Verifier.sol


Warning: Function state mutability can be restricted to pure
   --> contracts/lib/external/trie/Lib_SecureMerkleTrie.sol:118:5:
    |
118 |     function _getSecureKey(
    |     ^ (Relevant source part starts here and spans across multiple lines).


Successfully compiled 2 Solidity files
Running deploy script
Error: connect ECONNREFUSED 127.0.0.1:3050
    at TCPConnectWrap.afterConnect [as oncomplete] (node:net:1555:16) {
  errno: -61,
  code: 'ECONNREFUSED',
  syscall: 'connect',
  address: '127.0.0.1',
  port: 3050
}
[ERROR] Failed to deploy ZKSync contract. Please check your environment and try again.
[INFO] Refer to deployment.log for more details.
